<?xml version="1.0" encoding="UTF-8"?>
<testsuite xmlns:xsi="http://www.w3.org/2001/XMLSchema-instance" xsi:noNamespaceSchemaLocation="https://maven.apache.org/surefire/maven-surefire-plugin/xsd/surefire-test-report-3.0.xsd" version="3.0" name="TestSuite" time="14.501" tests="1" errors="0" skipped="0" failures="0">
  <properties>
[...]
</properties>
  <testcase name="runScenario[&quot;User logs in with valid credentials&quot;, &quot;Login Test&quot;](1)" classname="com.runner.InternetLogin" time="12.655">
    <system-out><![CDATA[
@LoginTest
Scenario: User logs in with valid credentials  &amp#27;[90m# src/test/resources/features/internet.feature:4&amp#27;[0m
  &amp#27;[32mGiven &amp#27;[0m&amp#27;[32mI navigate to the login page&amp#27;[0m           &amp#27;[90m# com.stepdefination.InternetLogin.i_navigate_to_the_login_page()&amp#27;[0m
  &amp#27;[32mWhen &amp#27;[0m&amp#27;[32mI enter valid login credentials&amp#27;[0m         &amp#27;[90m# com.stepdefination.InternetLogin.i_enter_valid_login_credentials()&amp#27;[0m
  &amp#27;[32mAnd &amp#27;[0m&amp#27;[32mI click the login button&amp#27;[0m                 &amp#27;[90m# com.stepdefination.InternetLogin.i_clickLogin Successful!: Test Passed.
]]></system-out>
    <system-err><![CDATA[Mar 11, 2025 12:15:27 PM org.openqa.selenium.devtools.CdpVersionFinder findNearestMatch
WARNING: Unable to find an exact match for CDP version 134, returning the closest version; found: 133; Please update to a Selenium version that supports CDP version 134
]]></system-err>
  </testcase>
</testsuite>